0 info it worked if it ends with ok
1 verbose cli [ 'C:\\Program Files\\nodejs\\\\node.exe',
1 verbose cli   'C:\\Program Files\\nodejs\\node_modules\\npm\\bin\\npm-cli.js',
1 verbose cli   'install' ]
2 info using npm@1.4.28
3 info using node@v0.10.35
4 verbose node symlink C:\Program Files\nodejs\\node.exe
5 verbose readDependencies using package.json deps
6 verbose install where, deps [ 'C:\\src\\reglun\\Reskja\\WebClient',
6 verbose install   [ 'auto-reload-brunch',
6 verbose install     'clean-css-brunch',
6 verbose install     'css-brunch',
6 verbose install     'git-digest-brunch',
6 verbose install     'javascript-brunch',
6 verbose install     'react-brunch',
6 verbose install     'uglify-js-brunch',
6 verbose install     'chai',
6 verbose install     'sinon',
6 verbose install     'sinon-chai' ] ]
7 info preinstall package-name@0.0.1
8 verbose readDependencies using package.json deps
9 verbose already installed skipping auto-reload-brunch@> 1.6.0 <1.8 C:\src\reglun\Reskja\WebClient
10 verbose already installed skipping clean-css-brunch@>= 1.6 <1.8 C:\src\reglun\Reskja\WebClient
11 verbose already installed skipping css-brunch@> 1.6 <1.8 C:\src\reglun\Reskja\WebClient
12 verbose already installed skipping git-digest-brunch@^1.0.3 C:\src\reglun\Reskja\WebClient
13 verbose already installed skipping javascript-brunch@> 1.6 <1.8 C:\src\reglun\Reskja\WebClient
14 verbose already installed skipping react-brunch@^1.0.9 C:\src\reglun\Reskja\WebClient
15 verbose already installed skipping uglify-js-brunch@> 1.6 <1.8 C:\src\reglun\Reskja\WebClient
16 verbose already installed skipping chai@1.2.0 C:\src\reglun\Reskja\WebClient
17 verbose already installed skipping sinon@1.4.2 C:\src\reglun\Reskja\WebClient
18 verbose already installed skipping sinon-chai@2.1.2 C:\src\reglun\Reskja\WebClient
19 silly resolved []
20 info build C:\src\reglun\Reskja\WebClient
21 verbose linkStuff [ false, false, false, 'C:\\src\\reglun\\Reskja' ]
22 info linkStuff package-name@0.0.1
23 verbose linkBins package-name@0.0.1
24 verbose linkMans package-name@0.0.1
25 verbose rebuildBundles package-name@0.0.1
26 verbose rebuildBundles [ '.bin',
26 verbose rebuildBundles   'auto-reload-brunch',
26 verbose rebuildBundles   'brunch',
26 verbose rebuildBundles   'chai',
26 verbose rebuildBundles   'clean-css-brunch',
26 verbose rebuildBundles   'css-brunch',
26 verbose rebuildBundles   'git-digest-brunch',
26 verbose rebuildBundles   'javascript-brunch',
26 verbose rebuildBundles   'react-brunch',
26 verbose rebuildBundles   'sinon',
26 verbose rebuildBundles   'sinon-chai',
26 verbose rebuildBundles   'uglify-js-brunch' ]
27 verbose rebuild bundle C:\src\reglun\Reskja\WebClient\node_modules\brunch
28 info build C:\src\reglun\Reskja\WebClient\node_modules\brunch
29 info preinstall brunch@1.8.3
30 verbose linkStuff [ false,
30 verbose linkStuff   false,
30 verbose linkStuff   false,
30 verbose linkStuff   'C:\\src\\reglun\\Reskja\\WebClient\\node_modules' ]
31 info linkStuff brunch@1.8.3
32 warn prefer global brunch@1.8.3 should be installed with -g
33 verbose linkBins brunch@1.8.3
34 verbose link bins [ { brunch: './bin/brunch' },
34 verbose link bins   'C:\\src\\reglun\\Reskja\\WebClient\\node_modules\\.bin',
34 verbose link bins   false ]
35 verbose linkMans brunch@1.8.3
36 verbose rebuildBundles brunch@1.8.3
37 verbose rebuildBundles [ '.bin',
37 verbose rebuildBundles   'anymatch',
37 verbose rebuildBundles   'anysort',
37 verbose rebuildBundles   'async-each',
37 verbose rebuildBundles   'async-waterfall',
37 verbose rebuildBundles   'chokidar',
37 verbose rebuildBundles   'coffee-script',
37 verbose rebuildBundles   'commander',
37 verbose rebuildBundles   'commonjs-require-definition',
37 verbose rebuildBundles   'deppack',
37 verbose rebuildBundles   'fcache',
37 verbose rebuildBundles   'init-skeleton',
37 verbose rebuildBundles   'loggy',
37 verbose rebuildBundles   'mkdirp',
37 verbose rebuildBundles   'pushserve',
37 verbose rebuildBundles   'quickly-copy-file',
37 verbose rebuildBundles   'read-components',
37 verbose rebuildBundles   'source-map' ]
38 error Error: ENOENT, chmod 'C:\src\reglun\Reskja\WebClient\node_modules\brunch\bin\brunch'
39 error If you need help, you may report this *entire* log,
39 error including the npm and node versions, at:
39 error     <http://github.com/npm/npm/issues>
40 error System Windows_NT 6.2.9200
41 error command "C:\\Program Files\\nodejs\\\\node.exe" "C:\\Program Files\\nodejs\\node_modules\\npm\\bin\\npm-cli.js" "install"
42 error cwd C:\src\reglun\Reskja\WebClient
43 error node -v v0.10.35
44 error npm -v 1.4.28
45 error path C:\src\reglun\Reskja\WebClient\node_modules\brunch\bin\brunch
46 error code ENOENT
47 error errno 34
48 verbose exit [ 34, true ]
